[debug] [2023-05-14T16:40:53.301Z] ----------------------------------------------------------------------
[debug] [2023-05-14T16:40:53.303Z] Command:       C:\Program Files\nodejs\node.exe C:\Users\ismai\AppData\Roaming\npm\node_modules\firebase-tools\lib\bin\firebase.js init
[debug] [2023-05-14T16:40:53.304Z] CLI Version:   11.30.0
[debug] [2023-05-14T16:40:53.304Z] Platform:      win32
[debug] [2023-05-14T16:40:53.304Z] Node Version:  v18.15.0
[debug] [2023-05-14T16:40:53.306Z] Time:          Sun May 14 2023 22:40:53 GMT+0600 (Bangladesh Standard Time)
[debug] [2023-05-14T16:40:53.306Z] ----------------------------------------------------------------------
[debug] 
[debug] [2023-05-14T16:40:53.312Z] >>> [apiv2][query] GET https://firebase-public.firebaseio.com/cli.json [none]
[debug] [2023-05-14T16:40:53.376Z] > command requires scopes: ["email","openid","https://www.googleapis.com/auth/cloudplatformprojects.readonly","https://www.googleapis.com/auth/firebase","https://www.googleapis.com/auth/cloud-platform"]
[debug] [2023-05-14T16:40:53.377Z] > authorizing via signed-in user (ismailjosim99@gmail.com)
[info] 
     ######## #### ########  ######## ########     ###     ######  ########
     ##        ##  ##     ## ##       ##     ##  ##   ##  ##       ##
     ######    ##  ########  ######   ########  #########  ######  ######
     ##        ##  ##    ##  ##       ##     ## ##     ##       ## ##
     ##       #### ##     ## ######## ########  ##     ##  ######  ########

You're about to initialize a Firebase project in this directory:

  C:\Users\ismai\OneDrive\Desktop\PH\Coffee-website\coffee-making-client

[debug] [2023-05-14T16:40:54.189Z] <<< [apiv2][status] GET https://firebase-public.firebaseio.com/cli.json 200
[debug] [2023-05-14T16:40:54.189Z] <<< [apiv2][body] GET https://firebase-public.firebaseio.com/cli.json {"cloudBuildErrorAfter":1594252800000,"cloudBuildWarnAfter":1590019200000,"defaultNode10After":1594252800000,"minVersion":"3.0.5","node8DeploysDisabledAfter":1613390400000,"node8RuntimeDisabledAfter":1615809600000,"node8WarnAfter":1600128000000}
[info] 
=== Project Setup
[info] 
[info] First, let's associate this project directory with a Firebase project.
[info] You can create multiple project aliases by running firebase use --add, 
[info] but for now we'll just set up a default project.
[info] 
[debug] [2023-05-14T16:41:04.941Z] > refreshing access token with scopes: []
[debug] [2023-05-14T16:41:04.943Z] >>> [apiv2][query] POST https://www.googleapis.com/oauth2/v3/token [none]
[debug] [2023-05-14T16:41:04.944Z] >>> [apiv2][body] POST https://www.googleapis.com/oauth2/v3/token [omitted]
[debug] [2023-05-14T16:41:05.263Z] <<< [apiv2][status] POST https://www.googleapis.com/oauth2/v3/token 200
[debug] [2023-05-14T16:41:05.263Z] <<< [apiv2][body] POST https://www.googleapis.com/oauth2/v3/token [omitted]
[debug] [2023-05-14T16:41:05.271Z] >>> [apiv2][query] GET https://firebase.googleapis.com/v1beta1/projects pageSize=100
[debug] [2023-05-14T16:41:06.329Z] <<< [apiv2][status] GET https://firebase.googleapis.com/v1beta1/projects 200
[debug] [2023-05-14T16:41:06.329Z] <<< [apiv2][body] GET https://firebase.googleapis.com/v1beta1/projects [omitted]
